[debug] [2022-11-04T22:20:23.157Z] ----------------------------------------------------------------------
[debug] [2022-11-04T22:20:23.161Z] Command:       C:\Program Files\nodejs\node.exe C:\Users\regi_\AppData\Roaming\npm\node_modules\firebase-tools\lib\bin\firebase.js init
[debug] [2022-11-04T22:20:23.162Z] CLI Version:   11.16.0
[debug] [2022-11-04T22:20:23.162Z] Platform:      win32
[debug] [2022-11-04T22:20:23.162Z] Node Version:  v16.14.0
[debug] [2022-11-04T22:20:23.163Z] Time:          Fri Nov 04 2022 23:20:23 GMT+0100 (Centraleuropæisk normaltid)
[debug] [2022-11-04T22:20:23.164Z] ----------------------------------------------------------------------
[debug] 
[debug] [2022-11-04T22:20:23.170Z] >>> [apiv2][query] GET https://firebase-public.firebaseio.com/cli.json [none]
[debug] [2022-11-04T22:20:23.336Z] > command requires scopes: ["email","openid","https://www.googleapis.com/auth/cloudplatformprojects.readonly","https://www.googleapis.com/auth/firebase","https://www.googleapis.com/auth/cloud-platform"]
[debug] [2022-11-04T22:20:23.337Z] > authorizing via signed-in user (regi_tze@live.dk)
[info] 
     ######## #### ########  ######## ########     ###     ######  ########
     ##        ##  ##     ## ##       ##     ##  ##   ##  ##       ##
     ######    ##  ########  ######   ########  #########  ######  ######
     ##        ##  ##    ##  ##       ##     ## ##     ##       ## ##
     ##       #### ##     ## ######## ########  ##     ##  ######  ########

You're about to initialize a Firebase project in this directory:

  C:\Users\regi_\Documents\GitHub\exam-project

Before we get started, keep in mind:

  * You are initializing within an existing Firebase project directory

[debug] [2022-11-04T22:20:23.749Z] <<< [apiv2][status] GET https://firebase-public.firebaseio.com/cli.json 200
[debug] [2022-11-04T22:20:23.749Z] <<< [apiv2][body] GET https://firebase-public.firebaseio.com/cli.json {"cloudBuildErrorAfter":1594252800000,"cloudBuildWarnAfter":1590019200000,"defaultNode10After":1594252800000,"minVersion":"3.0.5","node8DeploysDisabledAfter":1613390400000,"node8RuntimeDisabledAfter":1615809600000,"node8WarnAfter":1600128000000}
[info] 
=== Project Setup
[info] 
[info] First, let's associate this project directory with a Firebase project.
[info] You can create multiple project aliases by running firebase use --add, 
[info] but for now we'll just set up a default project.
[info] 
[debug] [2022-11-04T22:22:19.139Z] Using project from CLI flag: exam-project-184da
[debug] [2022-11-04T22:22:19.141Z] > refreshing access token with scopes: []
[debug] [2022-11-04T22:22:19.143Z] >>> [apiv2][query] POST https://www.googleapis.com/oauth2/v3/token [none]
[debug] [2022-11-04T22:22:19.144Z] >>> [apiv2][body] POST https://www.googleapis.com/oauth2/v3/token [omitted]
[debug] [2022-11-04T22:22:19.298Z] <<< [apiv2][status] POST https://www.googleapis.com/oauth2/v3/token 200
[debug] [2022-11-04T22:22:19.299Z] <<< [apiv2][body] POST https://www.googleapis.com/oauth2/v3/token [omitted]
[debug] [2022-11-04T22:22:19.318Z] >>> [apiv2][query] GET https://firebase.googleapis.com/v1beta1/projects/exam-project-184da [none]
[debug] [2022-11-04T22:22:19.763Z] <<< [apiv2][status] GET https://firebase.googleapis.com/v1beta1/projects/exam-project-184da 200
[debug] [2022-11-04T22:22:19.763Z] <<< [apiv2][body] GET https://firebase.googleapis.com/v1beta1/projects/exam-project-184da {"projectId":"exam-project-184da","projectNumber":"334894006601","displayName":"exam-project","name":"projects/exam-project-184da","resources":{"hostingSite":"exam-project-184da","storageBucket":"exam-project-184da.appspot.com","locationId":"europe-west"},"state":"ACTIVE","etag":"1_b46b5408-dda0-48c7-9d7c-cb45f34df292"}
[info] i  Using project exam-project-184da (exam-project) 
[info] 
=== Hosting Setup
[info] 
[info] Your public directory is the folder (relative to your project directory) that
[info] will contain Hosting assets to be uploaded with firebase deploy. If you
[info] have a build process for your assets, use your build's output directory.
[info] 
